[2025-04-20T16:05:40.746Z] Started scraping for V5P6+2HJ, Ariana, Tunisia
[2025-04-20T17:18:08.840Z] Started scraping for V5P6+2HJ, Ariana, Tunisia
[2025-04-20T17:45:45.379Z] Scraper initialized without proxies
[2025-04-20T17:45:45.755Z] Started scraping for Tunis, Tunisia
[2025-04-20T17:50:14.233Z] Scraper initialized without proxies
[2025-04-20T17:50:14.603Z] Started scraping for V5P6+2HJ, Ariana, Tunisia
[2025-04-20T17:51:56.097Z] Scraper initialized without proxies
[2025-04-20T17:51:56.393Z] Started scraping for Tunis, Tunisia
[2025-04-20T17:54:55.666Z] Scraper initialized without proxies
[2025-04-20T17:54:58.123Z] Started scraping for Tunis, Tunisia
[2025-04-20T17:56:35.319Z] Scraper initialized without proxies
[2025-04-20T17:56:35.610Z] Started scraping for Tunis, Tunisia
[2025-04-20T17:58:10.460Z] Scraper initialized without proxies
[2025-04-20T17:58:16.913Z] Started scraping for Tunis, Tunisia
[2025-04-20T18:10:15.339Z] Scraper initialized without proxies
[2025-04-20T18:10:15.727Z] Started scraping for V72M+922، Rue De TInja، 1100, Tunisia
[2025-04-20T18:30:28.632Z] Scraper initialized
[2025-04-20T18:30:28.634Z] On-demand scrape triggered for V72M+922، Rue De TInja، 1100, Tunisia
[2025-04-20T18:30:30.197Z] Started scraping for Rue De TInja، Tunisia
[2025-04-20T18:30:51.600Z] Scraper initialized
[2025-04-20T18:30:51.601Z] On-demand scrape triggered for V72M+922، Rue De TInja، 1100, Tunisia
[2025-04-20T18:30:51.727Z] Started scraping for Rue De TInja، Tunisia
[2025-04-20T18:30:58.285Z] Scraper initialized
[2025-04-20T18:30:58.637Z] Started scraping for Tunis, Tunisia
[2025-04-20T18:31:08.585Z] Scraper initialized
[2025-04-20T18:31:08.587Z] On-demand scrape triggered for V72M+922، Rue De TInja، 1100, Tunisia
[2025-04-20T18:31:08.743Z] Started scraping for Rue De TInja، Tunisia
[2025-04-20T18:32:44.382Z] Scraper initialized
[2025-04-20T18:32:44.497Z] Started scraping for Texas, USA
[2025-04-20T18:34:58.332Z] Scraper initialized
[2025-04-20T18:34:58.483Z] Started scraping for Texas, USA
[2025-04-20T18:36:13.711Z] Scraper initialized
[2025-04-20T18:36:13.885Z] Started scraping for Paris, France
[2025-04-20T18:48:50.437Z] Scraper initialized
[2025-04-20T18:48:50.482Z] On-demand scrape triggered for V72M+922، Rue De TInja، 1100, Tunisia
[2025-04-20T18:48:50.625Z] Started scraping for Rue De TInja، Tunisia
[2025-04-20T18:49:43.244Z] Scraper initialized
[2025-04-20T18:49:43.362Z] Started scraping for Jendouba, Tunisia
[2025-04-20T19:12:58.798Z] Scraper initialized
[2025-04-20T19:12:58.963Z] Started scraping for V694+2X5, Av. Mustapha Mohsen, Ariana, Tunisia
[2025-04-20T19:13:04.024Z] Scraper initialized
[2025-04-20T19:13:04.263Z] Started scraping for V694+2X5, Av. Mustapha Mohsen, Ariana, Tunisia
[2025-04-20T19:17:26.383Z] Scraper initialized
[2025-04-20T19:17:26.398Z] On-demand scrape triggered for 5911 US-101, San Francisco, CA 94103, USA
[2025-04-20T19:17:26.594Z] Started scraping for 5911 US-101, San Francisco, CA 94103, USA
[2025-04-20T19:20:07.435Z] Scraper initialized
[2025-04-20T19:20:07.574Z] Started scraping for Colorado, USA
[2025-04-20T19:20:41.814Z] Scraper initialized
[2025-04-20T19:20:42.026Z] Started scraping for Colorado, USA
[2025-04-20T19:30:40.517Z] Scraper initialized
[2025-04-20T19:30:40.687Z] Started scraping for Nabeul‎, Tunisia
[2025-04-20T19:30:46.090Z] Scraper initialized
[2025-04-20T19:30:46.457Z] Started scraping for Nabeul‎, Tunisia
[2025-04-20T19:36:48.138Z] Scraper initialized
[2025-04-20T19:36:48.407Z] Started scraping for Nabeul‎, Tunisia
[2025-04-20T19:38:04.107Z] Scraper initialized
[2025-04-20T19:38:04.243Z] Started scraping for New York, NY, USA
[2025-04-20T19:38:34.276Z] Scraper initialized
[2025-04-20T19:38:34.411Z] Started scraping for Iran
[2025-04-20T19:52:46.015Z] Scraper initialized
[2025-04-20T19:52:46.170Z] Started scraping for Texas, USA
[2025-04-20T19:53:43.873Z] Scraper initialized
[2025-04-20T19:53:43.890Z] On-demand scrape triggered for V72M+922، Rue De TInja، 1100, Tunisia
[2025-04-20T19:53:44.035Z] Started scraping for Rue De TInja، Tunisia
[2025-04-20T23:11:04.795Z] Scraper initialized
[2025-04-20T23:11:04.830Z] On-demand scrape triggered for V5CX+675، Cité Hédi Nouira، Ariana, Tunisia
[2025-04-20T23:11:05.037Z] Started scraping for 14 rue safran, Cité Hédi Nouira, Ariana, Tunisia
[2025-04-21T00:42:53.812Z] Tayara.tn Scraper initialized
[2025-04-21T00:42:53.912Z] Started scraping Tayara.tn for Sousse, Tunisia
[2025-04-21T00:43:13.319Z] Tayara.tn Scraper initialized
[2025-04-21T00:43:13.663Z] Started scraping Tayara.tn for Sousse, Tunisia
[2025-04-21T00:43:23.736Z] Tayara.tn Scraper initialized
[2025-04-21T00:43:23.891Z] Started scraping Tayara.tn for RJFM+RR4, Sousse, Tunisia
[2025-04-21T00:43:35.871Z] On-demand scrape triggered for RJFM+RR4, Sousse, Tunisia: Success
[2025-04-21T00:43:50.596Z] Tayara.tn Scraper initialized
[2025-04-21T00:43:50.934Z] Started scraping Tayara.tn for Sousse, Tunisia
[2025-04-21T00:44:09.955Z] Tayara.tn Scraper initialized
[2025-04-21T00:44:10.048Z] Started scraping Tayara.tn for Tataouine, Tunisia
[2025-04-21T00:44:26.837Z] Tayara.tn Scraper initialized
[2025-04-21T00:44:27.189Z] Started scraping Tayara.tn for Tataouine, Tunisia
[2025-04-21T00:44:37.245Z] Tayara.tn Scraper initialized
[2025-04-21T00:44:37.385Z] Started scraping Tayara.tn for WFC2+C9J, Tataouine, Tunisia
[2025-04-21T00:44:47.865Z] On-demand scrape triggered for WFC2+C9J, Tataouine, Tunisia: Success
[2025-04-21T00:45:10.876Z] Tayara.tn Scraper initialized
[2025-04-21T00:45:11.085Z] Started scraping Tayara.tn for 14 rue safran, Cité Hédi Nouira, Ariana, Tunisia
[2025-04-21T00:45:23.762Z] On-demand scrape triggered for V5CX+675، Cité Hédi Nouira، Ariana, Tunisia: Success
[2025-04-21T00:45:30.192Z] Tayara.tn Scraper initialized
[2025-04-21T00:45:30.277Z] Started scraping Tayara.tn for Ariana, Tunisia
[2025-04-21T00:45:48.547Z] Tayara.tn Scraper initialized
[2025-04-21T00:45:48.694Z] Started scraping Tayara.tn for 14 rue safran, Cité Hédi Nouira, Ariana, Tunisia
[2025-04-21T00:45:59.041Z] On-demand scrape triggered for V5CX+675، Cité Hédi Nouira، Ariana, Tunisia: Success
[2025-04-21T00:46:03.381Z] Tayara.tn Scraper initialized
[2025-04-21T00:46:03.715Z] Started scraping Tayara.tn for Tunisia
[2025-04-21T00:46:13.746Z] Tayara.tn Scraper initialized
[2025-04-21T00:46:13.826Z] Started scraping Tayara.tn for 14 rue safran, Cité Hédi Nouira, Ariana, Tunisia
[2025-04-21T00:46:14.909Z] Tayara.tn Scraper initialized
[2025-04-21T00:46:15.111Z] Started scraping Tayara.tn for Ariana, Tunisia
[2025-04-21T00:46:24.987Z] On-demand scrape triggered for V5CX+675، Cité Hédi Nouira، Ariana, Tunisia: Success
[2025-04-21T00:47:01.842Z] Tayara.tn Scraper initialized
[2025-04-21T00:47:01.943Z] Started scraping Tayara.tn for 14 rue safran, Cité Hédi Nouira, Ariana, Tunisia
[2025-04-21T00:47:12.870Z] On-demand scrape triggered for V5CX+675، Cité Hédi Nouira، Ariana, Tunisia: Success
[2025-04-21T00:47:25.609Z] Tayara.tn Scraper initialized
[2025-04-21T00:47:25.836Z] Started scraping Tayara.tn for V6P6+F3C, Cebalat, Tunisia
[2025-04-21T00:47:36.887Z] On-demand scrape triggered for V6P6+F3C, Cebalat, Tunisia: Success
[2025-04-21T00:47:47.938Z] Tayara.tn Scraper initialized
[2025-04-21T00:47:48.031Z] Started scraping Tayara.tn for 14 rue safran, Cité Hédi Nouira, Ariana, Tunisia
[2025-04-21T00:48:00.608Z] On-demand scrape triggered for V5CX+675، Cité Hédi Nouira، Ariana, Tunisia: Success
[2025-04-21T00:48:11.357Z] Tayara.tn Scraper initialized
[2025-04-21T00:48:11.469Z] Started scraping Tayara.tn for 14 rue safran, Cité Hédi Nouira, Ariana, Tunisia
[2025-04-21T00:58:06.035Z] Tayara.tn Scraper initialized
[2025-04-21T00:58:06.614Z] Started scraping Tayara.tn for Tunis, Tunisia
[2025-04-21T00:58:44.191Z] Started scraping Tayara.tn for Sfax, Tunisia
[2025-04-21T00:58:46.367Z] Started scraping Tayara.tn for Sousse, Tunisia
[2025-04-21T00:58:48.509Z] Started scraping Tayara.tn for Djerba, Tunisia
[2025-04-21T00:58:51.123Z] Started scraping Tayara.tn for Hammamet, Tunisia
[2025-04-21T00:59:06.991Z] Tayara.tn Scraper initialized
[2025-04-21T00:59:07.354Z] Started scraping Tayara.tn for 14 rue safran, Cité Hédi Nouira, Ariana, Tunisia
[2025-04-21T00:59:17.342Z] Tayara.tn Scraper initialized
[2025-04-21T00:59:17.498Z] Started scraping Tayara.tn for Ecole Primaire Cité Hédi Nouira, 14 Rue Safran، Ariana, Tunisia
[2025-04-21T00:59:53.098Z] On-demand scrape triggered for Ecole Primaire Cité Hédi Nouira, 14 Rue Safran، Ariana, Tunisia: Success
[2025-04-21T01:01:23.401Z] Tayara.tn Scraper initialized
[2025-04-21T01:01:23.762Z] Started scraping Tayara.tn for Tunis, Tunisia
[2025-04-21T01:01:58.469Z] Started scraping Tayara.tn for Sfax, Tunisia
[2025-04-21T01:02:00.576Z] Started scraping Tayara.tn for Sousse, Tunisia
[2025-04-21T01:02:02.679Z] Started scraping Tayara.tn for Djerba, Tunisia
[2025-04-21T01:02:04.807Z] Started scraping Tayara.tn for Hammamet, Tunisia
[2025-04-21T01:03:33.890Z] Tayara.tn Scraper initialized
[2025-04-21T01:03:35.007Z] Started scraping Tayara.tn for Tunis, Tunisia
[2025-04-21T01:04:04.620Z] Tayara.tn Scraper initialized
[2025-04-21T01:04:04.750Z] Started scraping Tayara.tn for Bizerte, Tunisia
[2025-04-21T01:04:11.123Z] Started scraping Tayara.tn for Sfax, Tunisia
[2025-04-21T01:04:11.715Z] Tayara.tn Scraper initialized
[2025-04-21T01:04:11.871Z] Started scraping Tayara.tn for 14 rue safran, Cité Hédi Nouira, Ariana, Tunisia
[2025-04-21T01:04:13.241Z] Started scraping Tayara.tn for Sousse, Tunisia
[2025-04-21T01:04:15.361Z] Started scraping Tayara.tn for Djerba, Tunisia
[2025-04-21T01:04:17.481Z] Started scraping Tayara.tn for Hammamet, Tunisia
[2025-04-21T01:04:48.080Z] On-demand scrape triggered for V5CX+675، Cité Hédi Nouira، Ariana, Tunisia: Success
[2025-04-21T01:04:53.255Z] Tayara.tn Scraper initialized
[2025-04-21T01:04:53.379Z] Started scraping Tayara.tn for V5QW+2P3, Tunis, Tunisia
[2025-04-21T01:04:59.380Z] Tayara.tn Scraper initialized
[2025-04-21T01:04:59.479Z] Started scraping Tayara.tn for 14 rue safran, Cité Hédi Nouira, Ariana, Tunisia
[2025-04-21T01:05:07.567Z] Tayara.tn Scraper initialized
[2025-04-21T01:05:07.650Z] Started scraping Tayara.tn for Bizerte, Tunisia
[2025-04-21T01:05:36.885Z] On-demand scrape triggered for V5CX+675، Cité Hédi Nouira، Ariana, Tunisia: Success
[2025-04-21T01:05:38.544Z] On-demand scrape triggered for V5QW+2P3, Tunisia: Success
[2025-04-21T01:05:48.776Z] Tayara.tn Scraper initialized
[2025-04-21T01:05:49.089Z] Started scraping Tayara.tn for Bizerte, Tunisia
[2025-04-21T01:05:59.044Z] Tayara.tn Scraper initialized
[2025-04-21T01:05:59.166Z] Started scraping Tayara.tn for 7VG7+PM3 Salah zidi, Bizerte, Tunisia
[2025-04-21T01:06:30.858Z] On-demand scrape triggered for 7VG7+PM3 Salah zidi, Bizerte, Tunisia: Success
[2025-04-21T01:11:06.942Z] Tayara.tn Scraper initialized
[2025-04-21T01:11:07.343Z] Started scraping Tayara.tn for Tunis, Tunisia
[2025-04-21T01:11:42.972Z] Started scraping Tayara.tn for Sfax, Tunisia
[2025-04-21T01:11:45.070Z] Started scraping Tayara.tn for Sousse, Tunisia
[2025-04-21T01:11:47.156Z] Started scraping Tayara.tn for Djerba, Tunisia
[2025-04-21T01:11:49.244Z] Started scraping Tayara.tn for Hammamet, Tunisia
[2025-04-21T01:11:57.421Z] Tayara.tn Scraper initialized
[2025-04-21T01:11:57.751Z] Started scraping Tayara.tn for Tunis, Tunisia
[2025-04-21T01:12:33.624Z] Started scraping Tayara.tn for Sfax, Tunisia
[2025-04-21T01:12:35.720Z] Started scraping Tayara.tn for Sousse, Tunisia
[2025-04-21T01:12:37.811Z] Started scraping Tayara.tn for Djerba, Tunisia
[2025-04-21T01:12:39.898Z] Started scraping Tayara.tn for Hammamet, Tunisia
[2025-04-21T01:12:43.323Z] Tayara.tn Scraper initialized
[2025-04-21T01:12:43.693Z] Started scraping Tayara.tn for Bizerte, Tunisia
[2025-04-21T01:12:53.644Z] Tayara.tn Scraper initialized
[2025-04-21T01:12:53.730Z] Started scraping Tayara.tn for 7VG7+PM3 Salah zidi, Bizerte, Tunisia
[2025-04-21T01:13:23.883Z] Tayara.tn Scraper initialized
[2025-04-21T01:13:23.984Z] Started scraping Tayara.tn for Bizerte, Tunisia
[2025-04-21T01:13:27.259Z] On-demand scrape triggered for 7VG7+PM3 Salah zidi, Bizerte, Tunisia: Success
[2025-04-21T01:13:53.875Z] Tayara.tn Scraper initialized
[2025-04-21T01:13:54.140Z] Started scraping Tayara.tn for 14 rue safran, Cité Hédi Nouira, Ariana, Tunisia
[2025-04-21T01:14:30.506Z] On-demand scrape triggered for V5CX+675، Cité Hédi Nouira، Ariana, Tunisia: Success
[2025-04-21T01:34:53.969Z] Tayara.tn Scraper initialized
[2025-04-21T01:34:54.122Z] Started scraping Tayara.tn for 14 rue safran, Cité Hédi Nouira, Ariana, Tunisia
[2025-04-21T01:35:28.187Z] On-demand scrape triggered for V5CX+675، Cité Hédi Nouira، Ariana, Tunisia: Success
[2025-04-21T01:35:32.808Z] Tayara.tn Scraper initialized
[2025-04-21T01:35:32.912Z] Started scraping Tayara.tn for 14 rue safran, Cité Hédi Nouira, Ariana, Tunisia
[2025-04-21T01:36:09.463Z] On-demand scrape triggered for V5CX+675، Cité Hédi Nouira، Ariana, Tunisia: Success
[2025-04-21T01:42:57.954Z] Tayara.tn Scraper initialized
[2025-04-21T01:42:58.052Z] Started scraping Tayara.tn for Tunis, Tunisia
[2025-04-21T01:43:42.192Z] Tayara.tn Scraper initialized
[2025-04-21T01:43:42.283Z] Started scraping Tayara.tn for 14 rue safran, Cité Hédi Nouira, Ariana, Tunisia
[2025-04-21T01:44:17.149Z] On-demand scrape triggered for V5CX+675، Cité Hédi Nouira، Ariana, Tunisia: Success
[2025-04-21T02:17:35.336Z] Tayara.tn Scraper initialized
[2025-04-21T02:17:35.512Z] Started scraping Tayara.tn for 8F36+8QG, Bouficha, Tunisia
[2025-04-21T02:18:12.847Z] On-demand scrape triggered for 8F36+8QG, Bouficha, Tunisia: Success
[2025-04-21T02:18:17.456Z] Tayara.tn Scraper initialized
[2025-04-21T02:18:17.588Z] Started scraping Tayara.tn for 8F36+8QG, Bouficha, Tunisia
[2025-04-21T02:18:57.785Z] On-demand scrape triggered for 8F36+8QG, Bouficha, Tunisia: Success
[2025-04-21T02:19:04.543Z] Tayara.tn Scraper initialized
[2025-04-21T02:19:04.880Z] Started scraping Tayara.tn for Tunisia
[2025-04-21T02:19:14.894Z] Tayara.tn Scraper initialized
[2025-04-21T02:19:14.975Z] Started scraping Tayara.tn for 8F36+8QG, Bouficha, Tunisia
[2025-04-21T02:19:50.383Z] On-demand scrape triggered for 8F36+8QG, Bouficha, Tunisia: Success
[2025-04-21T02:19:51.061Z] Tayara.tn Scraper initialized
[2025-04-21T02:19:51.159Z] Started scraping Tayara.tn for 8F36+8QG, Bouficha, Tunisia
[2025-04-21T02:20:25.357Z] On-demand scrape triggered for 8F36+8QG, Bouficha, Tunisia: Success
[2025-04-21T11:04:32.237Z] Scraper initialized
[2025-04-21T11:04:32.488Z] Started scraping for El Menzah, Tunisia
[2025-04-21T11:04:43.036Z] Scraper initialized
[2025-04-21T11:08:26.472Z] Scraper initialized
[2025-04-21T11:08:26.707Z] Started scraping for El Menzah, Tunisia
[2025-04-21T11:08:31.067Z] Scraper initialized
[2025-04-21T11:11:50.671Z] Scraper initialized
[2025-04-21T11:12:00.986Z] Scraper initialized
[2025-04-21T11:12:15.980Z] Scraper initialized
[2025-04-21T11:12:16.186Z] Started scraping for El Menzah, Tunisia
[2025-04-21T11:12:26.280Z] Scraper initialized
[2025-04-21T12:50:42.065Z] Scraper initialized
[2025-04-21T12:50:43.692Z] Started scraping for V5XQ+MQ6, Cebalat Ben Ammar, Tunisia
